[2016-04-04 14:12:10]	D:\∫∫”Ô∑÷¥ 20140928\sample\JnaTest_NLPIR\Data\NLPIR.user Not valid license or your license expired! Please feel free to contact pipy_zhang@msn.com! 
[2016-04-04 14:12:24]	.\\Data\NLPIR.user Not valid license or your license expired! Please feel free to contact pipy_zhang@msn.com! 
[2016-04-04 14:12:47]	.\\Data\NLPIR.user Not valid license or your license expired! Please feel free to contact pipy_zhang@msn.com! 
[2016-04-04 14:13:48]	.\\Data\NLPIR.user Not valid license or your license expired! Please feel free to contact pipy_zhang@msn.com! 
[2016-04-04 14:17:43]	.\\Data\NLPIR.user Not valid license or your license expired! Please feel free to contact pipy_zhang@msn.com! 
[2016-04-04 14:20:04]	.\Data\NLPIR.user Not valid license or your license expired! Please feel free to contact pipy_zhang@msn.com! 
[2016-04-04 14:23:32]	Cannot open file 
[2016-04-04 14:23:32]	.\Data\KeyBlackList.pdat
[2016-04-04 14:29:35]	Cannot open file 
[2016-04-04 14:29:35]	.\Data\KeyBlackList.pdat
[2016-04-04 14:36:05]	Cannot open file 
[2016-04-04 14:36:05]	.\Data\KeyBlackList.pdat
[2016-04-04 14:37:05]	Cannot open file 
[2016-04-04 14:37:05]	.\Data\KeyBlackList.pdat
[2016-04-04 14:37:32]	Cannot open file 
[2016-04-04 14:37:32]	.\Data\KeyBlackList.pdat
[2016-04-04 15:23:42]	Cannot open file 
[2016-04-04 15:23:42]	.\Data\KeyBlackList.pdat
[2016-04-04 17:27:55]	Cannot open file 
[2016-04-04 17:27:55]	.\Data\KeyBlackList.pdat
[2016-04-04 17:39:19]	Cannot open file 
[2016-04-04 17:39:19]	.\Data\KeyBlackList.pdat
[2016-04-04 17:43:49]	Cannot open file 
[2016-04-04 17:43:49]	.\Data\KeyBlackList.pdat
[2016-04-04 17:46:56]	Cannot open file 
[2016-04-04 17:46:56]	.\Data\KeyBlackList.pdat
